#! /ucrt64/bin/vvp
:ivl_version "13.0 (stable)" "(v13_0)";
:ivl_delay_selection "TYPICAL";
:vpi_time_precision - 12;
:vpi_module "C:\msys64\ucrt64\lib\ivl\system.vpi";
:vpi_module "C:\msys64\ucrt64\lib\ivl\vhdl_sys.vpi";
:vpi_module "C:\msys64\ucrt64\lib\ivl\vhdl_textio.vpi";
:vpi_module "C:\msys64\ucrt64\lib\ivl\v2005_math.vpi";
:vpi_module "C:\msys64\ucrt64\lib\ivl\va_math.vpi";
S_00000180b7069990 .scope module, "instruction_mem_tb" "instruction_mem_tb" 2 3;
 .timescale -9 -12;
v00000180b7064c90_0 .var "address", 31 0;
v00000180b70652d0_0 .net "instruction", 31 0, L_00000180b706b9b0;  1 drivers
S_00000180b7069b20 .scope module, "dut" "instruction_mem" 2 8, 3 1 0, S_00000180b7069990;
 .timescale 0 0;
    .port_info 0 /INPUT 32 "address";
    .port_info 1 /OUTPUT 32 "instruction";
L_00000180b706b9b0 .functor BUFZ 32, L_00000180b7064970, C4<00000000000000000000000000000000>, C4<00000000000000000000000000000000>, C4<00000000000000000000000000000000>;
v00000180b7052a40_0 .net *"_ivl_2", 31 0, L_00000180b7064970;  1 drivers
v00000180b7052ae0_0 .net *"_ivl_4", 7 0, L_00000180b70650f0;  1 drivers
L_00000180b72d0088 .functor BUFT 1, C4<00>, C4<0>, C4<0>, C4<0>;
v00000180b7064ab0_0 .net *"_ivl_7", 1 0, L_00000180b72d0088;  1 drivers
v00000180b70646f0_0 .net "address", 31 0, v00000180b7064c90_0;  1 drivers
v00000180b70648d0_0 .net "index", 5 0, L_00000180b7064790;  1 drivers
v00000180b7064dd0_0 .net "instruction", 31 0, L_00000180b706b9b0;  alias, 1 drivers
v00000180b7064bf0 .array "memory", 63 0, 31 0;
L_00000180b7064790 .part v00000180b7064c90_0, 2, 6;
L_00000180b7064970 .array/port v00000180b7064bf0, L_00000180b70650f0;
L_00000180b70650f0 .concat [ 6 2 0 0], L_00000180b7064790, L_00000180b72d0088;
    .scope S_00000180b7069b20;
T_0 ;
    %pushi/vec4 5243027, 0, 32;
    %ix/load 4, 0, 0;
    %flag_set/imm 4, 0;
    %store/vec4a v00000180b7064bf0, 4, 0;
    %pushi/vec4 7340307, 0, 32;
    %ix/load 4, 1, 0;
    %flag_set/imm 4, 0;
    %store/vec4a v00000180b7064bf0, 4, 0;
    %pushi/vec4 2130355, 0, 32;
    %ix/load 4, 2, 0;
    %flag_set/imm 4, 0;
    %store/vec4a v00000180b7064bf0, 4, 0;
    %pushi/vec4 3285027, 0, 32;
    %ix/load 4, 3, 0;
    %flag_set/imm 4, 0;
    %store/vec4a v00000180b7064bf0, 4, 0;
    %pushi/vec4 139907, 0, 32;
    %ix/load 4, 4, 0;
    %flag_set/imm 4, 0;
    %store/vec4a v00000180b7064bf0, 4, 0;
    %end;
    .thread T_0;
    .scope S_00000180b7069990;
T_1 ;
    %vpi_call 2 14 "$dumpfile", "wave.vcd" {0 0 0};
    %vpi_call 2 15 "$dumpvars", 32'sb00000000000000000000000000000000, S_00000180b7069990 {0 0 0};
    %vpi_call 2 17 "$monitor", "Time=%0t | Address=%0d | Instruction=%h", $time, v00000180b7064c90_0, v00000180b70652d0_0 {0 0 0};
    %pushi/vec4 0, 0, 32;
    %store/vec4 v00000180b7064c90_0, 0, 32;
    %delay 10000, 0;
    %pushi/vec4 4, 0, 32;
    %store/vec4 v00000180b7064c90_0, 0, 32;
    %delay 10000, 0;
    %pushi/vec4 8, 0, 32;
    %store/vec4 v00000180b7064c90_0, 0, 32;
    %delay 10000, 0;
    %pushi/vec4 12, 0, 32;
    %store/vec4 v00000180b7064c90_0, 0, 32;
    %delay 10000, 0;
    %pushi/vec4 16, 0, 32;
    %store/vec4 v00000180b7064c90_0, 0, 32;
    %delay 10000, 0;
    %pushi/vec4 252, 0, 32;
    %store/vec4 v00000180b7064c90_0, 0, 32;
    %delay 10000, 0;
    %pushi/vec4 256, 0, 32;
    %store/vec4 v00000180b7064c90_0, 0, 32;
    %delay 10000, 0;
    %vpi_call 2 48 "$finish" {0 0 0};
    %end;
    .thread T_1;
# The file index is used to find the file name in the following table.
:file_names 4;
    "N/A";
    "<interactive>";
    "sim/instruction_mem_tb.v";
    "rtl/instruction_mem.v";
